<?xml version="1.0" encoding="UTF-8"?>
<testsuite xmlns:xsi="http://www.w3.org/2001/XMLSchema-instance" xsi:noNamespaceSchemaLocation="https://maven.apache.org/surefire/maven-surefire-plugin/xsd/surefire-test-report.xsd" name="cookies.recipe.ToppingTest" time="0.001" tests="2" errors="0" skipped="0" failures="0">
  <properties>
    <property name="sun.desktop" value="windows"/>
    <property name="awt.toolkit" value="sun.awt.windows.WToolkit"/>
    <property name="java.specification.version" value="11"/>
    <property name="sun.cpu.isalist" value="amd64"/>
    <property name="sun.jnu.encoding" value="GBK"/>
    <property name="java.class.path" value="C:\Users\顾范岭\Documents\GitHub\cookiefactory-20-21-team-v\target\test-classes;C:\Users\顾范岭\Documents\GitHub\cookiefactory-20-21-team-v\target\classes;D:\maven\LocalWarehouse\org\junit\jupiter\junit-jupiter\5.6.2\junit-jupiter-5.6.2.jar;D:\maven\LocalWarehouse\org\junit\jupiter\junit-jupiter-api\5.6.2\junit-jupiter-api-5.6.2.jar;D:\maven\LocalWarehouse\org\opentest4j\opentest4j\1.2.0\opentest4j-1.2.0.jar;D:\maven\LocalWarehouse\org\junit\platform\junit-platform-commons\1.6.2\junit-platform-commons-1.6.2.jar;D:\maven\LocalWarehouse\org\junit\jupiter\junit-jupiter-params\5.6.2\junit-jupiter-params-5.6.2.jar;D:\maven\LocalWarehouse\org\junit\jupiter\junit-jupiter-engine\5.6.2\junit-jupiter-engine-5.6.2.jar;D:\maven\LocalWarehouse\org\junit\vintage\junit-vintage-engine\5.6.2\junit-vintage-engine-5.6.2.jar;D:\maven\LocalWarehouse\org\apiguardian\apiguardian-api\1.1.0\apiguardian-api-1.1.0.jar;D:\maven\LocalWarehouse\org\junit\platform\junit-platform-engine\1.6.2\junit-platform-engine-1.6.2.jar;D:\maven\LocalWarehouse\junit\junit\4.13\junit-4.13.jar;D:\maven\LocalWarehouse\org\hamcrest\hamcrest-core\1.3\hamcrest-core-1.3.jar;D:\maven\LocalWarehouse\io\cucumber\cucumber-java8\6.5.0\cucumber-java8-6.5.0.jar;D:\maven\LocalWarehouse\io\cucumber\cucumber-core\6.5.0\cucumber-core-6.5.0.jar;D:\maven\LocalWarehouse\io\cucumber\cucumber-gherkin\6.5.0\cucumber-gherkin-6.5.0.jar;D:\maven\LocalWarehouse\io\cucumber\cucumber-gherkin-messages\6.5.0\cucumber-gherkin-messages-6.5.0.jar;D:\maven\LocalWarehouse\io\cucumber\messages\13.0.1\messages-13.0.1.jar;D:\maven\LocalWarehouse\io\cucumber\tag-expressions\3.0.0\tag-expressions-3.0.0.jar;D:\maven\LocalWarehouse\io\cucumber\cucumber-expressions\10.3.0\cucumber-expressions-10.3.0.jar;D:\maven\LocalWarehouse\io\cucumber\datatable\3.4.0\datatable-3.4.0.jar;D:\maven\LocalWarehouse\io\cucumber\cucumber-plugin\6.5.0\cucumber-plugin-6.5.0.jar;D:\maven\LocalWarehouse\io\cucumber\docstring\6.5.0\docstring-6.5.0.jar;D:\maven\LocalWarehouse\io\cucumber\html-formatter\9.0.0\html-formatter-9.0.0.jar;D:\maven\LocalWarehouse\io\cucumber\create-meta\2.0.0\create-meta-2.0.0.jar;D:\maven\LocalWarehouse\net\jodah\typetools\0.6.2\typetools-0.6.2.jar;D:\maven\LocalWarehouse\io\cucumber\cucumber-junit\6.5.0\cucumber-junit-6.5.0.jar;"/>
    <property name="java.vm.vendor" value="JetBrains s.r.o"/>
    <property name="sun.arch.data.model" value="64"/>
    <property name="user.variant" value=""/>
    <property name="java.vendor.url" value="https://www.jetbrains.com/"/>
    <property name="user.timezone" value="Europe/Paris"/>
    <property name="java.vm.specification.version" value="11"/>
    <property name="os.name" value="Windows 10"/>
    <property name="sun.java.launcher" value="SUN_STANDARD"/>
    <property name="user.country" value="CN"/>
    <property name="sun.boot.library.path" value="C:\Program Files\JetBrains\IntelliJ IDEA Community Edition 2019.2.2\jbr\bin"/>
    <property name="sun.java.command" value="C:\Users\顾范岭\AppData\Local\Temp\surefire18117968257189646914\surefirebooter788539142196833462.jar C:\Users\顾范岭\AppData\Local\Temp\surefire18117968257189646914 2020-10-25T21-26-14_709-jvmRun1 surefire4699312336987816009tmp surefire_08503126293602639059tmp"/>
    <property name="jdk.debug" value="release"/>
    <property name="surefire.test.class.path" value="C:\Users\顾范岭\Documents\GitHub\cookiefactory-20-21-team-v\target\test-classes;C:\Users\顾范岭\Documents\GitHub\cookiefactory-20-21-team-v\target\classes;D:\maven\LocalWarehouse\org\junit\jupiter\junit-jupiter\5.6.2\junit-jupiter-5.6.2.jar;D:\maven\LocalWarehouse\org\junit\jupiter\junit-jupiter-api\5.6.2\junit-jupiter-api-5.6.2.jar;D:\maven\LocalWarehouse\org\opentest4j\opentest4j\1.2.0\opentest4j-1.2.0.jar;D:\maven\LocalWarehouse\org\junit\platform\junit-platform-commons\1.6.2\junit-platform-commons-1.6.2.jar;D:\maven\LocalWarehouse\org\junit\jupiter\junit-jupiter-params\5.6.2\junit-jupiter-params-5.6.2.jar;D:\maven\LocalWarehouse\org\junit\jupiter\junit-jupiter-engine\5.6.2\junit-jupiter-engine-5.6.2.jar;D:\maven\LocalWarehouse\org\junit\vintage\junit-vintage-engine\5.6.2\junit-vintage-engine-5.6.2.jar;D:\maven\LocalWarehouse\org\apiguardian\apiguardian-api\1.1.0\apiguardian-api-1.1.0.jar;D:\maven\LocalWarehouse\org\junit\platform\junit-platform-engine\1.6.2\junit-platform-engine-1.6.2.jar;D:\maven\LocalWarehouse\junit\junit\4.13\junit-4.13.jar;D:\maven\LocalWarehouse\org\hamcrest\hamcrest-core\1.3\hamcrest-core-1.3.jar;D:\maven\LocalWarehouse\io\cucumber\cucumber-java8\6.5.0\cucumber-java8-6.5.0.jar;D:\maven\LocalWarehouse\io\cucumber\cucumber-core\6.5.0\cucumber-core-6.5.0.jar;D:\maven\LocalWarehouse\io\cucumber\cucumber-gherkin\6.5.0\cucumber-gherkin-6.5.0.jar;D:\maven\LocalWarehouse\io\cucumber\cucumber-gherkin-messages\6.5.0\cucumber-gherkin-messages-6.5.0.jar;D:\maven\LocalWarehouse\io\cucumber\messages\13.0.1\messages-13.0.1.jar;D:\maven\LocalWarehouse\io\cucumber\tag-expressions\3.0.0\tag-expressions-3.0.0.jar;D:\maven\LocalWarehouse\io\cucumber\cucumber-expressions\10.3.0\cucumber-expressions-10.3.0.jar;D:\maven\LocalWarehouse\io\cucumber\datatable\3.4.0\datatable-3.4.0.jar;D:\maven\LocalWarehouse\io\cucumber\cucumber-plugin\6.5.0\cucumber-plugin-6.5.0.jar;D:\maven\LocalWarehouse\io\cucumber\docstring\6.5.0\docstring-6.5.0.jar;D:\maven\LocalWarehouse\io\cucumber\html-formatter\9.0.0\html-formatter-9.0.0.jar;D:\maven\LocalWarehouse\io\cucumber\create-meta\2.0.0\create-meta-2.0.0.jar;D:\maven\LocalWarehouse\net\jodah\typetools\0.6.2\typetools-0.6.2.jar;D:\maven\LocalWarehouse\io\cucumber\cucumber-junit\6.5.0\cucumber-junit-6.5.0.jar;"/>
    <property name="sun.cpu.endian" value="little"/>
    <property name="user.home" value="C:\Users\顾范岭"/>
    <property name="user.language" value="zh"/>
    <property name="java.specification.vendor" value="Oracle Corporation"/>
    <property name="java.version.date" value="2019-04-16"/>
    <property name="idea.version2019.2.2" value="true"/>
    <property name="java.home" value="C:\Program Files\JetBrains\IntelliJ IDEA Community Edition 2019.2.2\jbr"/>
    <property name="file.separator" value="\"/>
    <property name="basedir" value="C:\Users\顾范岭\Documents\GitHub\cookiefactory-20-21-team-v"/>
    <property name="java.vm.compressedOopsMode" value="Zero based"/>
    <property name="line.separator" value="&#10;"/>
    <property name="java.specification.name" value="Java Platform API Specification"/>
    <property name="java.vm.specification.vendor" value="Oracle Corporation"/>
    <property name="java.awt.graphicsenv" value="sun.awt.Win32GraphicsEnvironment"/>
    <property name="surefire.real.class.path" value="C:\Users\顾范岭\AppData\Local\Temp\surefire18117968257189646914\surefirebooter788539142196833462.jar"/>
    <property name="user.script" value=""/>
    <property name="sun.management.compiler" value="HotSpot 64-Bit Tiered Compilers"/>
    <property name="java.runtime.version" value="11.0.3+12-b304.56"/>
    <property name="user.name" value="irene"/>
    <property name="path.separator" value=";"/>
    <property name="os.version" value="10.0"/>
    <property name="java.runtime.name" value="OpenJDK Runtime Environment"/>
    <property name="file.encoding" value="GBK"/>
    <property name="java.vm.name" value="OpenJDK 64-Bit Server VM"/>
    <property name="localRepository" value="D:\maven\LocalWarehouse"/>
    <property name="java.vendor.url.bug" value="https://youtrack.jetbrains.com"/>
    <property name="java.io.tmpdir" value="C:\Users\顾范岭\AppData\Local\Temp\"/>
    <property name="java.version" value="11.0.3"/>
    <property name="user.dir" value="C:\Users\顾范岭\Documents\GitHub\cookiefactory-20-21-team-v"/>
    <property name="os.arch" value="amd64"/>
    <property name="java.vm.specification.name" value="Java Virtual Machine Specification"/>
    <property name="java.awt.printerjob" value="sun.awt.windows.WPrinterJob"/>
    <property name="sun.os.patch.level" value=""/>
    <property name="java.library.path" value="C:\Program Files\JetBrains\IntelliJ IDEA Community Edition 2019.2.2\jbr\bin;C:\WINDOWS\Sun\Java\bin;C:\WINDOWS\system32;C:\WINDOWS;C:\Windows\system32;C:\Windows;C:\Windows\System32\Wbem;C:\Windows\System32\WindowsPowerShell\v1.0\;C:\Windows\System32\OpenSSH\;C:\Program Files\Intel\WiFi\bin\;C:\Program Files\Common Files\Intel\WirelessCommon\;C:\Program Files\NVIDIA Corporation\NVIDIA NGX;C:\Program Files (x86)\NVIDIA Corporation\PhysX\Common;C:\Program Files\NVIDIA Corporation\NVIDIA NvDLISR;C:\WINDOWS\system32;C:\WINDOWS;C:\WINDOWS\System32\Wbem;C:\WINDOWS\System32\WindowsPowerShell\v1.0\;C:\WINDOWS\System32\OpenSSH\;C:\java\jdk-11\bin;C:\java\jdk-11\jre\bin;C:\Program Files\Microsoft SQL Server\130\Tools\Binn\;C:\Program Files\Git\cmd;C:\Program Files\dotnet\;C:\Program Files\Microsoft SQL Server\Client SDK\ODBC\170\Tools\Binn\;D:\maven\apache-maven-3.5.4\bin;C:\Users\顾范岭\AppData\Local\Microsoft\WindowsApps;C:\Users\顾范岭\AppData\Local\Programs\Microsoft VS Code\bin;C:\Users\顾范岭\AppData\Local\GitHubDesktop\bin;C:\Users\顾范岭\.dotnet\tools;."/>
    <property name="java.vendor" value="JetBrains s.r.o"/>
    <property name="java.vm.info" value="mixed mode, sharing"/>
    <property name="java.vm.version" value="11.0.3+12-b304.56"/>
    <property name="sun.io.unicode.encoding" value="UnicodeLittle"/>
    <property name="java.class.version" value="55.0"/>
  </properties>
  <testcase name="getType" classname="cookies.recipe.ToppingTest" time="0"/>
  <testcase name="setType" classname="cookies.recipe.ToppingTest" time="0"/>
</testsuite>